N=200, ic=1, CAL=740, FAT=46, SOD=1080, CARB=50, PROT=34, GEN_MAX=2

After AG (2052-iterations):
0 
1 
0 
0 
0 
0 
0 
0 
0 
0 
f=20.19

AG time: 1.17937s
N=200, ic=1, CAL=740, FAT=46, SOD=1080, CARB=50, PROT=34, GEN_MAX=2

After AG (427-iterations):
0 
1 
0 
0 
0 
0 
0 
0 
0 
0 
f=20.19

AG time: 0.250244s
N=200, ic=1, CAL=740, FAT=46, SOD=1080, CARB=50, PROT=34, GEN_MAX=2

After AG (427-iterations):
0 
1 
0 
0 
0 
0 
0 
0 
0 
0 
f=20.19

AG time: 0.252455s
N=200, ic=1, CAL=740, FAT=46, SOD=1080, CARB=50, PROT=34, GEN_MAX=2

After AG (427-iterations):
0 
1 
0 
0 
0 
0 
0 
0 
0 
0 
f=20.19

AG time: 0.252583s
N=200, ic=1, CAL=740, FAT=46, SOD=1080, CARB=50, PROT=34, GEN_MAX=2

After AG (258-iterations):
0 
1 
0 
0 
0 
0 
0 
0 
0 
0 
f=20.19

AG time: 0.154796s
N=200, ic=1, CAL=740, FAT=46, SOD=1080, CARB=50, PROT=34, GEN_MAX=2

After AG (258-iterations):
0 
1 
0 
0 
0 
0 
0 
0 
0 
0 
f=20.19

AG time: 0.155317s
N=200, ic=1, CAL=740, FAT=46, SOD=1080, CARB=50, PROT=34, GEN_MAX=2

After AG (258-iterations):
0 
1 
0 
0 
0 
0 
0 
0 
0 
0 
f=20.19

AG time: 0.152512s
N=200, ic=1, CAL=740, FAT=46, SOD=1080, CARB=50, PROT=34, GEN_MAX=2

After AG (258-iterations):
0 
1 
0 
0 
0 
0 
0 
0 
0 
0 
f=20.19

AG time: 0.152196s
N=200, ic=1, CAL=740, FAT=46, SOD=1080, CARB=50, PROT=34, GEN_MAX=2

After AG (258-iterations):
0 
1 
0 
0 
0 
0 
0 
0 
0 
0 
f=20.19

AG time: 0.154378s
N=200, ic=1, CAL=740, FAT=46, SOD=1080, CARB=50, PROT=34, GEN_MAX=2

After AG (258-iterations):
0 
1 
0 
0 
0 
0 
0 
0 
0 
0 
f=20.19

AG time: 0.153057s
N=200, ic=1, CAL=740, FAT=46, SOD=1080, CARB=50, PROT=34, GEN_MAX=2

After AG (913-iterations):
0 
1 
0 
0 
0 
0 
0 
0 
0 
0 
f=20.19

AG time: 0.526429s
N=200, ic=1, CAL=740, FAT=46, SOD=1080, CARB=50, PROT=34, GEN_MAX=2

After AG (913-iterations):
0 
1 
0 
0 
0 
0 
0 
0 
0 
0 
f=20.19

AG time: 0.539552s
N=200, ic=1, CAL=740, FAT=46, SOD=1080, CARB=50, PROT=34, GEN_MAX=2

After AG (405-iterations):
0 
0 
1 
0 
0 
0 
0 
0 
0 
0 
f=23.8154

AG time: 0.240536s
N=200, ic=1, CAL=740, FAT=46, SOD=1080, CARB=50, PROT=34, GEN_MAX=2

After AG (405-iterations):
0 
0 
1 
0 
0 
0 
0 
0 
0 
0 
f=23.8154

AG time: 0.239614s
N=200, ic=1, CAL=740, FAT=46, SOD=1080, CARB=50, PROT=34, GEN_MAX=2

After AG (405-iterations):
0 
0 
1 
0 
0 
0 
0 
0 
0 
0 
f=23.8154

AG time: 0.239041s
N=200, ic=1, CAL=740, FAT=46, SOD=1080, CARB=50, PROT=34, GEN_MAX=2

After AG (405-iterations):
0 
0 
1 
0 
0 
0 
0 
0 
0 
0 
f=23.8154

AG time: 0.240652s
N=200, ic=1, CAL=740, FAT=46, SOD=1080, CARB=50, PROT=34, GEN_MAX=2

After AG (1587-iterations):
0 
0 
0 
0 
1 
0 
0 
0 
0 
0 
f=28.4519

AG time: 0.955718s
N=200, ic=1, CAL=740, FAT=46, SOD=1080, CARB=50, PROT=34, GEN_MAX=2

After AG (542-iterations):
0 
1 
0 
0 
0 
0 
0 
0 
0 
0 
f=20.19

AG time: 0.313322s
N=200, ic=1, CAL=740, FAT=46, SOD=1080, CARB=50, PROT=34, GEN_MAX=2

After AG (542-iterations):
0 
1 
0 
0 
0 
0 
0 
0 
0 
0 
f=20.19

AG time: 0.314043s
N=200, ic=1, CAL=740, FAT=46, SOD=1080, CARB=50, PROT=34, GEN_MAX=2

After AG (542-iterations):
0 
1 
0 
0 
0 
0 
0 
0 
0 
0 
f=20.19

AG time: 0.325557s
N=200, ic=1, CAL=740, FAT=46, SOD=1080, CARB=50, PROT=34, GEN_MAX=2

After AG (606-iterations):
0 
1 
0 
0 
0 
0 
0 
0 
0 
0 
f=20.19

AG time: 0.355058s
N=200, ic=1, CAL=740, FAT=46, SOD=1080, CARB=50, PROT=34, GEN_MAX=2

After AG (606-iterations):
0 
1 
0 
0 
0 
0 
0 
0 
0 
0 
f=20.19

AG time: 0.353675s
N=200, ic=1, CAL=740, FAT=46, SOD=1080, CARB=50, PROT=34, GEN_MAX=2

After AG (606-iterations):
0 
1 
0 
0 
0 
0 
0 
0 
0 
0 
f=20.19

AG time: 0.354493s
N=200, ic=1, CAL=740, FAT=46, SOD=1080, CARB=50, PROT=34, GEN_MAX=2

After AG (153-iterations):
0 
1 
0 
0 
0 
0 
0 
0 
0 
0 
f=20.19

AG time: 0.090735s
N=200, ic=1, CAL=740, FAT=46, SOD=1080, CARB=50, PROT=34, GEN_MAX=2

After AG (153-iterations):
0 
1 
0 
0 
0 
0 
0 
0 
0 
0 
f=20.19

AG time: 0.092231s
N=200, ic=1, CAL=740, FAT=46, SOD=1080, CARB=50, PROT=34, GEN_MAX=2

After AG (153-iterations):
0 
1 
0 
0 
0 
0 
0 
0 
0 
0 
f=20.19

AG time: 0.090265s
N=200, ic=1, CAL=740, FAT=46, SOD=1080, CARB=50, PROT=34, GEN_MAX=2

After AG (153-iterations):
0 
1 
0 
0 
0 
0 
0 
0 
0 
0 
f=20.19

AG time: 0.090164s
N=200, ic=1, CAL=740, FAT=46, SOD=1080, CARB=50, PROT=34, GEN_MAX=2

After AG (153-iterations):
0 
1 
0 
0 
0 
0 
0 
0 
0 
0 
f=20.19

AG time: 0.090102s
N=200, ic=1, CAL=740, FAT=46, SOD=1080, CARB=50, PROT=34, GEN_MAX=2

After AG (153-iterations):
0 
1 
0 
0 
0 
0 
0 
0 
0 
0 
f=20.19

AG time: 0.090096s
N=200, ic=1, CAL=740, FAT=46, SOD=1080, CARB=50, PROT=34, GEN_MAX=2

After AG (153-iterations):
0 
1 
0 
0 
0 
0 
0 
0 
0 
0 
f=20.19

AG time: 0.090081s
N=200, ic=1, CAL=740, FAT=46, SOD=1080, CARB=50, PROT=34, GEN_MAX=2

After AG (153-iterations):
0 
1 
0 
0 
0 
0 
0 
0 
0 
0 
f=20.19

AG time: 0.090298s
N=200, ic=1, CAL=740, FAT=46, SOD=1080, CARB=50, PROT=34, GEN_MAX=2

After AG (153-iterations):
0 
1 
0 
0 
0 
0 
0 
0 
0 
0 
f=20.19

AG time: 0.090408s
N=200, ic=1, CAL=740, FAT=46, SOD=1080, CARB=50, PROT=34, GEN_MAX=2

After AG (514-iterations):
0 
1 
0 
0 
0 
0 
0 
0 
0 
0 
f=20.19

AG time: 0.305275s
N=200, ic=1, CAL=740, FAT=46, SOD=1080, CARB=50, PROT=34, GEN_MAX=2

After AG (514-iterations):
0 
1 
0 
0 
0 
0 
0 
0 
0 
0 
f=20.19

AG time: 0.302663s
N=200, ic=1, CAL=740, FAT=46, SOD=1080, CARB=50, PROT=34, GEN_MAX=2

After AG (514-iterations):
0 
1 
0 
0 
0 
0 
0 
0 
0 
0 
f=20.19

AG time: 0.303036s
N=200, ic=1, CAL=740, FAT=46, SOD=1080, CARB=50, PROT=34, GEN_MAX=2

After AG (514-iterations):
0 
1 
0 
0 
0 
0 
0 
0 
0 
0 
f=20.19

AG time: 0.302182s
N=200, ic=1, CAL=740, FAT=46, SOD=1080, CARB=50, PROT=34, GEN_MAX=2

After AG (1486-iterations):
0 
1 
0 
0 
0 
0 
0 
0 
0 
0 
f=20.19

AG time: 0.852636s
N=200, ic=1, CAL=740, FAT=46, SOD=1080, CARB=50, PROT=34, GEN_MAX=2

After AG (874-iterations):
0 
1 
0 
0 
0 
0 
0 
0 
0 
0 
f=20.19

AG time: 0.508792s
N=200, ic=1, CAL=740, FAT=46, SOD=1080, CARB=50, PROT=34, GEN_MAX=2

After AG (874-iterations):
0 
1 
0 
0 
0 
0 
0 
0 
0 
0 
f=20.19

AG time: 0.50872s
N=200, ic=1, CAL=740, FAT=46, SOD=1080, CARB=50, PROT=34, GEN_MAX=2

After AG (693-iterations):
0 
1 
0 
0 
0 
0 
0 
0 
0 
0 
f=20.19

AG time: 0.40519s
N=200, ic=1, CAL=740, FAT=46, SOD=1080, CARB=50, PROT=34, GEN_MAX=2

After AG (693-iterations):
0 
1 
0 
0 
0 
0 
0 
0 
0 
0 
f=20.19

AG time: 0.405907s
N=200, ic=1, CAL=740, FAT=46, SOD=1080, CARB=50, PROT=34, GEN_MAX=2

After AG (693-iterations):
0 
1 
0 
0 
0 
0 
0 
0 
0 
0 
f=20.19

AG time: 0.403591s
N=200, ic=1, CAL=740, FAT=46, SOD=1080, CARB=50, PROT=34, GEN_MAX=2

After AG (1024-iterations):
0 
1 
0 
0 
0 
0 
0 
0 
0 
0 
f=20.19

AG time: 0.591018s
N=200, ic=1, CAL=740, FAT=46, SOD=1080, CARB=50, PROT=34, GEN_MAX=2

After AG (1024-iterations):
0 
1 
0 
0 
0 
0 
0 
0 
0 
0 
f=20.19

AG time: 0.591896s
N=200, ic=1, CAL=740, FAT=46, SOD=1080, CARB=50, PROT=34, GEN_MAX=2

After AG (1325-iterations):
0 
1 
0 
0 
0 
0 
0 
0 
0 
0 
f=20.19

AG time: 0.766674s
N=200, ic=1, CAL=740, FAT=46, SOD=1080, CARB=50, PROT=34, GEN_MAX=2

After AG (379-iterations):
0 
1 
0 
0 
0 
0 
0 
0 
0 
0 
f=20.19

AG time: 0.212505s
N=200, ic=1, CAL=740, FAT=46, SOD=1080, CARB=50, PROT=34, GEN_MAX=2

After AG (379-iterations):
0 
1 
0 
0 
0 
0 
0 
0 
0 
0 
f=20.19

AG time: 0.212702s
N=200, ic=1, CAL=740, FAT=46, SOD=1080, CARB=50, PROT=34, GEN_MAX=2

After AG (379-iterations):
0 
1 
0 
0 
0 
0 
0 
0 
0 
0 
f=20.19

AG time: 0.213158s
N=200, ic=1, CAL=740, FAT=46, SOD=1080, CARB=50, PROT=34, GEN_MAX=2

After AG (1042-iterations):
0 
1 
0 
0 
0 
0 
0 
0 
0 
0 
f=20.19

AG time: 0.594152s
N=200, ic=1, CAL=740, FAT=46, SOD=1080, CARB=50, PROT=34, GEN_MAX=2

After AG (1042-iterations):
0 
1 
0 
0 
0 
0 
0 
0 
0 
0 
f=20.19

AG time: 0.593059s
N=200, ic=1, CAL=740, FAT=46, SOD=1080, CARB=50, PROT=34, GEN_MAX=2

After AG (345-iterations):
0 
0 
1 
0 
0 
0 
0 
0 
0 
0 
f=23.8154

AG time: 0.204494s
N=200, ic=1, CAL=740, FAT=46, SOD=1080, CARB=50, PROT=34, GEN_MAX=2

After AG (345-iterations):
0 
0 
1 
0 
0 
0 
0 
0 
0 
0 
f=23.8154

AG time: 0.204365s
N=200, ic=1, CAL=740, FAT=46, SOD=1080, CARB=50, PROT=34, GEN_MAX=2

After AG (345-iterations):
0 
0 
1 
0 
0 
0 
0 
0 
0 
0 
f=23.8154

AG time: 0.205465s
N=200, ic=1, CAL=740, FAT=46, SOD=1080, CARB=50, PROT=34, GEN_MAX=2

After AG (345-iterations):
0 
0 
1 
0 
0 
0 
0 
0 
0 
0 
f=23.8154

AG time: 0.20631s
N=200, ic=1, CAL=740, FAT=46, SOD=1080, CARB=50, PROT=34, GEN_MAX=2

After AG (937-iterations):
0 
1 
0 
0 
0 
0 
0 
0 
0 
0 
f=20.19

AG time: 0.536422s
N=200, ic=1, CAL=740, FAT=46, SOD=1080, CARB=50, PROT=34, GEN_MAX=2

After AG (937-iterations):
0 
1 
0 
0 
0 
0 
0 
0 
0 
0 
f=20.19

AG time: 0.539907s
N=200, ic=1, CAL=740, FAT=46, SOD=1080, CARB=50, PROT=34, GEN_MAX=2

After AG (101-iterations):
0 
1 
0 
0 
0 
0 
0 
0 
0 
0 
f=20.19

AG time: 0.059259s
N=200, ic=1, CAL=740, FAT=46, SOD=1080, CARB=50, PROT=34, GEN_MAX=2

After AG (101-iterations):
0 
1 
0 
0 
0 
0 
0 
0 
0 
0 
f=20.19

AG time: 0.059143s
N=200, ic=1, CAL=740, FAT=46, SOD=1080, CARB=50, PROT=34, GEN_MAX=2

After AG (101-iterations):
0 
1 
0 
0 
0 
0 
0 
0 
0 
0 
f=20.19

AG time: 0.059511s
N=200, ic=1, CAL=740, FAT=46, SOD=1080, CARB=50, PROT=34, GEN_MAX=2

After AG (101-iterations):
0 
1 
0 
0 
0 
0 
0 
0 
0 
0 
f=20.19

AG time: 0.05816s
N=200, ic=1, CAL=740, FAT=46, SOD=1080, CARB=50, PROT=34, GEN_MAX=2

After AG (101-iterations):
0 
1 
0 
0 
0 
0 
0 
0 
0 
0 
f=20.19

AG time: 0.059568s
N=200, ic=1, CAL=740, FAT=46, SOD=1080, CARB=50, PROT=34, GEN_MAX=2

After AG (101-iterations):
0 
1 
0 
0 
0 
0 
0 
0 
0 
0 
f=20.19

AG time: 0.058112s
N=200, ic=1, CAL=740, FAT=46, SOD=1080, CARB=50, PROT=34, GEN_MAX=2

After AG (101-iterations):
0 
1 
0 
0 
0 
0 
0 
0 
0 
0 
f=20.19

AG time: 0.057757s
N=200, ic=1, CAL=740, FAT=46, SOD=1080, CARB=50, PROT=34, GEN_MAX=2

After AG (101-iterations):
0 
1 
0 
0 
0 
0 
0 
0 
0 
0 
f=20.19

AG time: 0.058617s
N=200, ic=1, CAL=740, FAT=46, SOD=1080, CARB=50, PROT=34, GEN_MAX=2

After AG (101-iterations):
0 
1 
0 
0 
0 
0 
0 
0 
0 
0 
f=20.19

AG time: 0.05968s
N=200, ic=1, CAL=740, FAT=46, SOD=1080, CARB=50, PROT=34, GEN_MAX=2

After AG (101-iterations):
0 
1 
0 
0 
0 
0 
0 
0 
0 
0 
f=20.19

AG time: 0.060092s
N=200, ic=1, CAL=740, FAT=46, SOD=1080, CARB=50, PROT=34, GEN_MAX=2

After AG (101-iterations):
0 
1 
0 
0 
0 
0 
0 
0 
0 
0 
f=20.19

AG time: 0.058233s
N=200, ic=1, CAL=740, FAT=46, SOD=1080, CARB=50, PROT=34, GEN_MAX=2

After AG (101-iterations):
0 
1 
0 
0 
0 
0 
0 
0 
0 
0 
f=20.19

AG time: 0.058408s
N=200, ic=1, CAL=740, FAT=46, SOD=1080, CARB=50, PROT=34, GEN_MAX=2

After AG (101-iterations):
0 
1 
0 
0 
0 
0 
0 
0 
0 
0 
f=20.19

AG time: 0.05833s
N=200, ic=1, CAL=740, FAT=46, SOD=1080, CARB=50, PROT=34, GEN_MAX=2

After AG (101-iterations):
0 
1 
0 
0 
0 
0 
0 
0 
0 
0 
f=20.19

AG time: 0.058356s
N=200, ic=1, CAL=740, FAT=46, SOD=1080, CARB=50, PROT=34, GEN_MAX=2

After AG (393-iterations):
0 
1 
0 
0 
0 
0 
0 
0 
0 
0 
f=20.19

AG time: 0.23043s
N=200, ic=1, CAL=740, FAT=46, SOD=1080, CARB=50, PROT=34, GEN_MAX=2

After AG (393-iterations):
0 
1 
0 
0 
0 
0 
0 
0 
0 
0 
f=20.19

AG time: 0.228169s
N=200, ic=1, CAL=740, FAT=46, SOD=1080, CARB=50, PROT=34, GEN_MAX=2

After AG (393-iterations):
0 
1 
0 
0 
0 
0 
0 
0 
0 
0 
f=20.19

AG time: 0.228314s
N=200, ic=1, CAL=740, FAT=46, SOD=1080, CARB=50, PROT=34, GEN_MAX=2

After AG (393-iterations):
0 
1 
0 
0 
0 
0 
0 
0 
0 
0 
f=20.19

AG time: 0.229178s
N=200, ic=1, CAL=740, FAT=46, SOD=1080, CARB=50, PROT=34, GEN_MAX=2

After AG (393-iterations):
0 
1 
0 
0 
0 
0 
0 
0 
0 
0 
f=20.19

AG time: 0.228125s
N=200, ic=1, CAL=740, FAT=46, SOD=1080, CARB=50, PROT=34, GEN_MAX=2

After AG (5121-iterations):
0 
0 
1 
0 
0 
0 
0 
0 
0 
0 
f=23.8154

AG time: 3.0096s
N=200, ic=1, CAL=740, FAT=46, SOD=1080, CARB=50, PROT=34, GEN_MAX=2

After AG (7322-iterations):
0 
1 
0 
0 
0 
0 
0 
0 
0 
0 
f=20.19

AG time: 4.31136s
N=200, ic=1, CAL=740, FAT=46, SOD=1080, CARB=50, PROT=34, GEN_MAX=2

After AG (632-iterations):
0 
0 
1 
0 
0 
0 
0 
0 
0 
0 
f=23.8154

AG time: 0.369533s
N=200, ic=1, CAL=740, FAT=46, SOD=1080, CARB=50, PROT=34, GEN_MAX=2

After AG (632-iterations):
0 
0 
1 
0 
0 
0 
0 
0 
0 
0 
f=23.8154

AG time: 0.373429s
N=200, ic=1, CAL=740, FAT=46, SOD=1080, CARB=50, PROT=34, GEN_MAX=2

After AG (3869-iterations):
0 
1 
0 
0 
0 
0 
0 
0 
0 
0 
f=20.19

AG time: 2.2165s
N=200, ic=1, CAL=740, FAT=46, SOD=1080, CARB=50, PROT=34, GEN_MAX=2

After AG (3465-iterations):
1 
0 
0 
0 
0 
0 
0 
0 
0 
0 
f=24.7426

AG time: 2.0277s
N=200, ic=1, CAL=740, FAT=46, SOD=1080, CARB=50, PROT=34, GEN_MAX=2

After AG (2913-iterations):
0 
1 
0 
0 
0 
0 
0 
0 
0 
0 
f=20.19

AG time: 1.68189s
N=200, ic=1, CAL=740, FAT=46, SOD=1080, CARB=50, PROT=34, GEN_MAX=2

After AG (3045-iterations):
0 
1 
0 
0 
0 
0 
0 
0 
0 
0 
f=20.19

AG time: 1.78072s
N=200, ic=1, CAL=740, FAT=46, SOD=1080, CARB=50, PROT=34, GEN_MAX=2

After AG (247-iterations):
0 
1 
0 
0 
0 
0 
0 
0 
0 
0 
f=20.19

AG time: 0.144568s
N=200, ic=1, CAL=740, FAT=46, SOD=1080, CARB=50, PROT=34, GEN_MAX=2

After AG (247-iterations):
0 
1 
0 
0 
0 
0 
0 
0 
0 
0 
f=20.19

AG time: 0.14286s
N=200, ic=1, CAL=740, FAT=46, SOD=1080, CARB=50, PROT=34, GEN_MAX=2

After AG (247-iterations):
0 
1 
0 
0 
0 
0 
0 
0 
0 
0 
f=20.19

AG time: 0.144081s
N=200, ic=1, CAL=740, FAT=46, SOD=1080, CARB=50, PROT=34, GEN_MAX=2

After AG (247-iterations):
0 
1 
0 
0 
0 
0 
0 
0 
0 
0 
f=20.19

AG time: 0.143145s
N=200, ic=1, CAL=740, FAT=46, SOD=1080, CARB=50, PROT=34, GEN_MAX=2

After AG (247-iterations):
0 
1 
0 
0 
0 
0 
0 
0 
0 
0 
f=20.19

AG time: 0.14285s
N=200, ic=1, CAL=740, FAT=46, SOD=1080, CARB=50, PROT=34, GEN_MAX=2

After AG (247-iterations):
0 
1 
0 
0 
0 
0 
0 
0 
0 
0 
f=20.19

AG time: 0.14368s
N=200, ic=1, CAL=740, FAT=46, SOD=1080, CARB=50, PROT=34, GEN_MAX=2

After AG (247-iterations):
0 
1 
0 
0 
0 
0 
0 
0 
0 
0 
f=20.19

AG time: 0.14253s
N=200, ic=1, CAL=740, FAT=46, SOD=1080, CARB=50, PROT=34, GEN_MAX=2

After AG (2143-iterations):
0 
0 
1 
0 
0 
0 
0 
0 
0 
0 
f=23.8154

AG time: 1.24505s
N=200, ic=1, CAL=740, FAT=46, SOD=1080, CARB=50, PROT=34, GEN_MAX=2

After AG (5561-iterations):
0 
1 
0 
0 
0 
0 
0 
0 
0 
0 
f=20.19

AG time: 3.18764s
N=200, ic=1, CAL=740, FAT=46, SOD=1080, CARB=50, PROT=34, GEN_MAX=2

After AG (1019-iterations):
0 
0 
0 
1 
0 
0 
0 
0 
0 
0 
f=27.3182

AG time: 0.606977s
N=200, ic=1, CAL=740, FAT=46, SOD=1080, CARB=50, PROT=34, GEN_MAX=2

After AG (405-iterations):
0 
1 
0 
0 
0 
0 
0 
0 
0 
0 
f=20.19

AG time: 0.23762s
N=200, ic=1, CAL=740, FAT=46, SOD=1080, CARB=50, PROT=34, GEN_MAX=2

After AG (405-iterations):
0 
1 
0 
0 
0 
0 
0 
0 
0 
0 
f=20.19

AG time: 0.236206s
N=200, ic=1, CAL=740, FAT=46, SOD=1080, CARB=50, PROT=34, GEN_MAX=2

After AG (405-iterations):
0 
1 
0 
0 
0 
0 
0 
0 
0 
0 
f=20.19

AG time: 0.235179s
N=200, ic=1, CAL=740, FAT=46, SOD=1080, CARB=50, PROT=34, GEN_MAX=2

After AG (405-iterations):
0 
1 
0 
0 
0 
0 
0 
0 
0 
0 
f=20.19

AG time: 0.235771s
N=200, ic=1, CAL=740, FAT=46, SOD=1080, CARB=50, PROT=34, GEN_MAX=2

After AG (4358-iterations):
0 
1 
0 
0 
0 
0 
0 
0 
0 
0 
f=20.19

AG time: 2.50119s
N=200, ic=1, CAL=740, FAT=46, SOD=1080, CARB=50, PROT=34, GEN_MAX=2

After AG (941-iterations):
0 
1 
0 
0 
0 
0 
0 
0 
0 
0 
f=20.19

AG time: 0.540416s
N=200, ic=1, CAL=740, FAT=46, SOD=1080, CARB=50, PROT=34, GEN_MAX=2

After AG (164-iterations):
0 
1 
0 
0 
0 
0 
0 
0 
0 
0 
f=20.19

AG time: 0.097649s
N=200, ic=1, CAL=740, FAT=46, SOD=1080, CARB=50, PROT=34, GEN_MAX=2

After AG (164-iterations):
0 
1 
0 
0 
0 
0 
0 
0 
0 
0 
f=20.19

AG time: 0.098354s
N=200, ic=1, CAL=740, FAT=46, SOD=1080, CARB=50, PROT=34, GEN_MAX=2

After AG (164-iterations):
0 
1 
0 
0 
0 
0 
0 
0 
0 
0 
f=20.19

AG time: 0.098036s
N=200, ic=1, CAL=740, FAT=46, SOD=1080, CARB=50, PROT=34, GEN_MAX=2

After AG (164-iterations):
0 
1 
0 
0 
0 
0 
0 
0 
0 
0 
f=20.19

AG time: 0.098362s
N=200, ic=1, CAL=740, FAT=46, SOD=1080, CARB=50, PROT=34, GEN_MAX=2

After AG (164-iterations):
0 
1 
0 
0 
0 
0 
0 
0 
0 
0 
f=20.19

AG time: 0.09956s
N=200, ic=1, CAL=740, FAT=46, SOD=1080, CARB=50, PROT=34, GEN_MAX=2

After AG (164-iterations):
0 
1 
0 
0 
0 
0 
0 
0 
0 
0 
f=20.19

AG time: 0.100557s
N=200, ic=1, CAL=740, FAT=46, SOD=1080, CARB=50, PROT=34, GEN_MAX=2

After AG (164-iterations):
0 
1 
0 
0 
0 
0 
0 
0 
0 
0 
f=20.19

AG time: 0.099173s
N=200, ic=1, CAL=740, FAT=46, SOD=1080, CARB=50, PROT=34, GEN_MAX=2

After AG (164-iterations):
0 
1 
0 
0 
0 
0 
0 
0 
0 
0 
f=20.19

AG time: 0.098636s
N=200, ic=1, CAL=740, FAT=46, SOD=1080, CARB=50, PROT=34, GEN_MAX=2

After AG (594-iterations):
0 
0 
1 
0 
0 
0 
0 
0 
0 
0 
f=23.8154

AG time: 0.342261s
N=200, ic=1, CAL=740, FAT=46, SOD=1080, CARB=50, PROT=34, GEN_MAX=2

After AG (594-iterations):
0 
0 
1 
0 
0 
0 
0 
0 
0 
0 
f=23.8154

AG time: 0.344561s
N=200, ic=1, CAL=740, FAT=46, SOD=1080, CARB=50, PROT=34, GEN_MAX=2

After AG (594-iterations):
0 
0 
1 
0 
0 
0 
0 
0 
0 
0 
f=23.8154

AG time: 0.357251s
N=200, ic=1, CAL=740, FAT=46, SOD=1080, CARB=50, PROT=34, GEN_MAX=2

After AG (1300-iterations):
0 
0 
1 
0 
0 
0 
0 
0 
0 
0 
f=23.8154

AG time: 0.761116s
N=200, ic=1, CAL=740, FAT=46, SOD=1080, CARB=50, PROT=34, GEN_MAX=2

After AG (1300-iterations):
0 
0 
1 
0 
0 
0 
0 
0 
0 
0 
f=23.8154

AG time: 0.762336s
N=200, ic=1, CAL=740, FAT=46, SOD=1080, CARB=50, PROT=34, GEN_MAX=2

After AG (3888-iterations):
0 
1 
0 
0 
0 
0 
0 
0 
0 
0 
f=20.19

AG time: 2.2245s
N=200, ic=1, CAL=740, FAT=46, SOD=1080, CARB=50, PROT=34, GEN_MAX=2

After AG (2610-iterations):
0 
1 
0 
0 
0 
0 
0 
0 
0 
0 
f=20.19

AG time: 1.5106s
N=200, ic=1, CAL=740, FAT=46, SOD=1080, CARB=50, PROT=34, GEN_MAX=2

After AG (1065-iterations):
0 
1 
0 
0 
0 
0 
0 
0 
0 
0 
f=20.19

AG time: 0.621573s
N=200, ic=1, CAL=740, FAT=46, SOD=1080, CARB=50, PROT=34, GEN_MAX=2

After AG (84-iterations):
0 
0 
1 
0 
0 
0 
0 
0 
0 
0 
f=23.8154

AG time: 0.050322s
N=200, ic=1, CAL=740, FAT=46, SOD=1080, CARB=50, PROT=34, GEN_MAX=2

After AG (84-iterations):
0 
0 
1 
0 
0 
0 
0 
0 
0 
0 
f=23.8154

AG time: 0.053993s
N=200, ic=1, CAL=740, FAT=46, SOD=1080, CARB=50, PROT=34, GEN_MAX=2

After AG (84-iterations):
0 
0 
1 
0 
0 
0 
0 
0 
0 
0 
f=23.8154

AG time: 0.052318s
N=200, ic=1, CAL=740, FAT=46, SOD=1080, CARB=50, PROT=34, GEN_MAX=2

After AG (84-iterations):
0 
0 
1 
0 
0 
0 
0 
0 
0 
0 
f=23.8154

AG time: 0.052202s
N=200, ic=1, CAL=740, FAT=46, SOD=1080, CARB=50, PROT=34, GEN_MAX=2

After AG (84-iterations):
0 
0 
1 
0 
0 
0 
0 
0 
0 
0 
f=23.8154

AG time: 0.052749s
N=200, ic=1, CAL=740, FAT=46, SOD=1080, CARB=50, PROT=34, GEN_MAX=2

After AG (84-iterations):
0 
0 
1 
0 
0 
0 
0 
0 
0 
0 
f=23.8154

AG time: 0.050273s
N=200, ic=1, CAL=740, FAT=46, SOD=1080, CARB=50, PROT=34, GEN_MAX=2

After AG (84-iterations):
0 
0 
1 
0 
0 
0 
0 
0 
0 
0 
f=23.8154

AG time: 0.049977s
N=200, ic=1, CAL=740, FAT=46, SOD=1080, CARB=50, PROT=34, GEN_MAX=2

After AG (84-iterations):
0 
0 
1 
0 
0 
0 
0 
0 
0 
0 
f=23.8154

AG time: 0.051011s
N=200, ic=1, CAL=740, FAT=46, SOD=1080, CARB=50, PROT=34, GEN_MAX=2

After AG (84-iterations):
0 
0 
1 
0 
0 
0 
0 
0 
0 
0 
f=23.8154

AG time: 0.052563s
N=200, ic=1, CAL=740, FAT=46, SOD=1080, CARB=50, PROT=34, GEN_MAX=2

After AG (84-iterations):
0 
0 
1 
0 
0 
0 
0 
0 
0 
0 
f=23.8154

AG time: 0.050349s
N=200, ic=1, CAL=740, FAT=46, SOD=1080, CARB=50, PROT=34, GEN_MAX=2

After AG (84-iterations):
0 
0 
1 
0 
0 
0 
0 
0 
0 
0 
f=23.8154

AG time: 0.049523s
N=200, ic=1, CAL=740, FAT=46, SOD=1080, CARB=50, PROT=34, GEN_MAX=2

After AG (84-iterations):
0 
0 
1 
0 
0 
0 
0 
0 
0 
0 
f=23.8154

AG time: 0.051797s
N=200, ic=1, CAL=740, FAT=46, SOD=1080, CARB=50, PROT=34, GEN_MAX=2

After AG (84-iterations):
0 
0 
1 
0 
0 
0 
0 
0 
0 
0 
f=23.8154

AG time: 0.050944s
N=200, ic=1, CAL=740, FAT=46, SOD=1080, CARB=50, PROT=34, GEN_MAX=2

After AG (84-iterations):
0 
0 
1 
0 
0 
0 
0 
0 
0 
0 
f=23.8154

AG time: 0.049724s
N=200, ic=1, CAL=740, FAT=46, SOD=1080, CARB=50, PROT=34, GEN_MAX=2

After AG (84-iterations):
0 
0 
1 
0 
0 
0 
0 
0 
0 
0 
f=23.8154

AG time: 0.051236s
N=200, ic=1, CAL=740, FAT=46, SOD=1080, CARB=50, PROT=34, GEN_MAX=2

After AG (84-iterations):
0 
0 
1 
0 
0 
0 
0 
0 
0 
0 
f=23.8154

AG time: 0.050314s
N=200, ic=1, CAL=740, FAT=46, SOD=1080, CARB=50, PROT=34, GEN_MAX=2

After AG (84-iterations):
0 
0 
1 
0 
0 
0 
0 
0 
0 
0 
f=23.8154

AG time: 0.050634s
N=200, ic=1, CAL=740, FAT=46, SOD=1080, CARB=50, PROT=34, GEN_MAX=2

After AG (2261-iterations):
1 
0 
0 
0 
0 
0 
0 
0 
0 
0 
f=24.7426

AG time: 1.3149s
N=200, ic=1, CAL=740, FAT=46, SOD=1080, CARB=50, PROT=34, GEN_MAX=2

After AG (5324-iterations):
0 
1 
0 
0 
0 
0 
0 
0 
0 
0 
f=20.19

AG time: 3.06099s
N=200, ic=1, CAL=740, FAT=46, SOD=1080, CARB=50, PROT=34, GEN_MAX=2

After AG (789-iterations):
0 
1 
0 
0 
0 
0 
0 
0 
0 
0 
f=20.19

AG time: 0.456958s
N=200, ic=1, CAL=740, FAT=46, SOD=1080, CARB=50, PROT=34, GEN_MAX=2

After AG (789-iterations):
0 
1 
0 
0 
0 
0 
0 
0 
0 
0 
f=20.19

AG time: 0.459145s
N=200, ic=1, CAL=740, FAT=46, SOD=1080, CARB=50, PROT=34, GEN_MAX=2

After AG (6091-iterations):
0 
1 
0 
0 
0 
0 
0 
0 
0 
0 
f=20.19

AG time: 3.51003s
N=200, ic=1, CAL=740, FAT=46, SOD=1080, CARB=50, PROT=34, GEN_MAX=2

After AG (3443-iterations):
0 
0 
0 
1 
0 
0 
0 
0 
0 
0 
f=27.3182

AG time: 2.03985s
N=200, ic=1, CAL=740, FAT=46, SOD=1080, CARB=50, PROT=34, GEN_MAX=2

After AG (4444-iterations):
0 
1 
0 
0 
0 
0 
0 
0 
0 
0 
f=20.19

AG time: 2.54638s
N=200, ic=1, CAL=740, FAT=46, SOD=1080, CARB=50, PROT=34, GEN_MAX=2

After AG (1128-iterations):
0 
1 
0 
0 
0 
0 
0 
0 
0 
0 
f=20.19

AG time: 0.648576s
N=200, ic=1, CAL=740, FAT=46, SOD=1080, CARB=50, PROT=34, GEN_MAX=2

After AG (1050-iterations):
0 
1 
0 
0 
0 
0 
0 
0 
0 
0 
f=20.19

AG time: 0.604001s
N=200, ic=1, CAL=740, FAT=46, SOD=1080, CARB=50, PROT=34, GEN_MAX=2

After AG (1050-iterations):
0 
1 
0 
0 
0 
0 
0 
0 
0 
0 
f=20.19

AG time: 0.60459s
N=200, ic=1, CAL=740, FAT=46, SOD=1080, CARB=50, PROT=34, GEN_MAX=2

After AG (713-iterations):
0 
1 
0 
0 
0 
0 
0 
0 
0 
0 
f=20.19

AG time: 0.413465s
N=200, ic=1, CAL=740, FAT=46, SOD=1080, CARB=50, PROT=34, GEN_MAX=2

After AG (713-iterations):
0 
1 
0 
0 
0 
0 
0 
0 
0 
0 
f=20.19

AG time: 0.41825s
N=200, ic=1, CAL=740, FAT=46, SOD=1080, CARB=50, PROT=34, GEN_MAX=2

After AG (985-iterations):
0 
1 
0 
0 
0 
0 
0 
0 
0 
0 
f=20.19

AG time: 0.573433s
N=200, ic=1, CAL=740, FAT=46, SOD=1080, CARB=50, PROT=34, GEN_MAX=2

After AG (985-iterations):
0 
1 
0 
0 
0 
0 
0 
0 
0 
0 
f=20.19

AG time: 0.575204s
N=200, ic=1, CAL=740, FAT=46, SOD=1080, CARB=50, PROT=34, GEN_MAX=2

After AG (570-iterations):
0 
1 
0 
0 
0 
0 
0 
0 
0 
0 
f=20.19

AG time: 0.324874s
N=200, ic=1, CAL=740, FAT=46, SOD=1080, CARB=50, PROT=34, GEN_MAX=2

After AG (570-iterations):
0 
1 
0 
0 
0 
0 
0 
0 
0 
0 
f=20.19

AG time: 0.3267s
N=200, ic=1, CAL=740, FAT=46, SOD=1080, CARB=50, PROT=34, GEN_MAX=2

After AG (1041-iterations):
0 
0 
1 
0 
0 
0 
0 
0 
0 
0 
f=23.8154

AG time: 0.598834s
N=200, ic=1, CAL=740, FAT=46, SOD=1080, CARB=50, PROT=34, GEN_MAX=2

After AG (1041-iterations):
0 
0 
1 
0 
0 
0 
0 
0 
0 
0 
f=23.8154

AG time: 0.604211s
N=200, ic=1, CAL=740, FAT=46, SOD=1080, CARB=50, PROT=34, GEN_MAX=2

After AG (1479-iterations):
0 
1 
0 
0 
0 
0 
0 
0 
0 
0 
f=20.19

AG time: 0.848892s
N=200, ic=1, CAL=740, FAT=46, SOD=1080, CARB=50, PROT=34, GEN_MAX=2

After AG (5995-iterations):
0 
1 
0 
0 
0 
0 
0 
0 
0 
0 
f=20.19

AG time: 3.48472s
N=200, ic=1, CAL=740, FAT=46, SOD=1080, CARB=50, PROT=34, GEN_MAX=2

After AG (380-iterations):
0 
0 
1 
0 
0 
0 
0 
0 
0 
0 
f=23.8154

AG time: 0.221244s
N=200, ic=1, CAL=740, FAT=46, SOD=1080, CARB=50, PROT=34, GEN_MAX=2

After AG (380-iterations):
0 
0 
1 
0 
0 
0 
0 
0 
0 
0 
f=23.8154

AG time: 0.221369s
N=200, ic=1, CAL=740, FAT=46, SOD=1080, CARB=50, PROT=34, GEN_MAX=2

After AG (944-iterations):
0 
1 
0 
0 
0 
0 
0 
0 
0 
0 
f=20.19

AG time: 0.545652s
N=200, ic=1, CAL=740, FAT=46, SOD=1080, CARB=50, PROT=34, GEN_MAX=2

After AG (944-iterations):
0 
1 
0 
0 
0 
0 
0 
0 
0 
0 
f=20.19

AG time: 0.548593s
N=200, ic=1, CAL=740, FAT=46, SOD=1080, CARB=50, PROT=34, GEN_MAX=2

After AG (527-iterations):
0 
0 
1 
0 
0 
0 
0 
0 
0 
0 
f=23.8154

AG time: 0.309024s
N=200, ic=1, CAL=740, FAT=46, SOD=1080, CARB=50, PROT=34, GEN_MAX=2

After AG (527-iterations):
0 
0 
1 
0 
0 
0 
0 
0 
0 
0 
f=23.8154

AG time: 0.307695s
N=200, ic=1, CAL=740, FAT=46, SOD=1080, CARB=50, PROT=34, GEN_MAX=2

After AG (527-iterations):
0 
0 
1 
0 
0 
0 
0 
0 
0 
0 
f=23.8154

AG time: 0.30715s
N=200, ic=1, CAL=740, FAT=46, SOD=1080, CARB=50, PROT=34, GEN_MAX=2

After AG (340-iterations):
1 
0 
0 
0 
0 
0 
0 
0 
0 
0 
f=24.7426

AG time: 0.204578s
N=200, ic=1, CAL=740, FAT=46, SOD=1080, CARB=50, PROT=34, GEN_MAX=2

After AG (340-iterations):
1 
0 
0 
0 
0 
0 
0 
0 
0 
0 
f=24.7426

AG time: 0.202276s
N=200, ic=1, CAL=740, FAT=46, SOD=1080, CARB=50, PROT=34, GEN_MAX=2

After AG (340-iterations):
1 
0 
0 
0 
0 
0 
0 
0 
0 
0 
f=24.7426

AG time: 0.201636s
N=200, ic=1, CAL=740, FAT=46, SOD=1080, CARB=50, PROT=34, GEN_MAX=2

After AG (340-iterations):
1 
0 
0 
0 
0 
0 
0 
0 
0 
0 
f=24.7426

AG time: 0.204786s
N=200, ic=1, CAL=740, FAT=46, SOD=1080, CARB=50, PROT=34, GEN_MAX=2

After AG (340-iterations):
1 
0 
0 
0 
0 
0 
0 
0 
0 
0 
f=24.7426

AG time: 0.202756s
N=200, ic=1, CAL=740, FAT=46, SOD=1080, CARB=50, PROT=34, GEN_MAX=2

After AG (4933-iterations):
0 
0 
1 
0 
0 
0 
0 
0 
0 
0 
f=23.8154

AG time: 2.89378s
N=200, ic=1, CAL=740, FAT=46, SOD=1080, CARB=50, PROT=34, GEN_MAX=2

After AG (503-iterations):
0 
1 
0 
0 
0 
0 
0 
0 
0 
0 
f=20.19

AG time: 0.285056s
N=200, ic=1, CAL=740, FAT=46, SOD=1080, CARB=50, PROT=34, GEN_MAX=2

After AG (503-iterations):
0 
1 
0 
0 
0 
0 
0 
0 
0 
0 
f=20.19

AG time: 0.284308s
N=200, ic=1, CAL=740, FAT=46, SOD=1080, CARB=50, PROT=34, GEN_MAX=2

After AG (503-iterations):
0 
1 
0 
0 
0 
0 
0 
0 
0 
0 
f=20.19

AG time: 0.285413s
N=200, ic=1, CAL=740, FAT=46, SOD=1080, CARB=50, PROT=34, GEN_MAX=2

After AG (503-iterations):
0 
1 
0 
0 
0 
0 
0 
0 
0 
0 
f=20.19

AG time: 0.28534s
N=200, ic=1, CAL=740, FAT=46, SOD=1080, CARB=50, PROT=34, GEN_MAX=2

After AG (1866-iterations):
0 
0 
1 
0 
0 
0 
0 
0 
0 
0 
f=23.8154

AG time: 1.08856s
N=200, ic=1, CAL=740, FAT=46, SOD=1080, CARB=50, PROT=34, GEN_MAX=2

After AG (502-iterations):
1 
0 
0 
0 
0 
0 
0 
0 
0 
0 
f=24.7426

AG time: 0.29694s
N=200, ic=1, CAL=740, FAT=46, SOD=1080, CARB=50, PROT=34, GEN_MAX=2

After AG (502-iterations):
1 
0 
0 
0 
0 
0 
0 
0 
0 
0 
f=24.7426

AG time: 0.294881s
N=200, ic=1, CAL=740, FAT=46, SOD=1080, CARB=50, PROT=34, GEN_MAX=2

After AG (502-iterations):
1 
0 
0 
0 
0 
0 
0 
0 
0 
0 
f=24.7426

AG time: 0.294122s
N=200, ic=1, CAL=740, FAT=46, SOD=1080, CARB=50, PROT=34, GEN_MAX=2

After AG (578-iterations):
0 
1 
0 
0 
0 
0 
0 
0 
0 
0 
f=20.19

AG time: 0.339136s
N=200, ic=1, CAL=740, FAT=46, SOD=1080, CARB=50, PROT=34, GEN_MAX=2

After AG (578-iterations):
0 
1 
0 
0 
0 
0 
0 
0 
0 
0 
f=20.19

AG time: 0.336135s
N=200, ic=1, CAL=740, FAT=46, SOD=1080, CARB=50, PROT=34, GEN_MAX=2

After AG (578-iterations):
0 
1 
0 
0 
0 
0 
0 
0 
0 
0 
f=20.19

AG time: 0.341571s
N=200, ic=1, CAL=740, FAT=46, SOD=1080, CARB=50, PROT=34, GEN_MAX=2

After AG (162-iterations):
0 
1 
0 
0 
0 
0 
0 
0 
0 
0 
f=20.19

AG time: 0.098514s
N=200, ic=1, CAL=740, FAT=46, SOD=1080, CARB=50, PROT=34, GEN_MAX=2

After AG (162-iterations):
0 
1 
0 
0 
0 
0 
0 
0 
0 
0 
f=20.19

AG time: 0.098022s
N=200, ic=1, CAL=740, FAT=46, SOD=1080, CARB=50, PROT=34, GEN_MAX=2

After AG (162-iterations):
0 
1 
0 
0 
0 
0 
0 
0 
0 
0 
f=20.19

AG time: 0.097658s
N=200, ic=1, CAL=740, FAT=46, SOD=1080, CARB=50, PROT=34, GEN_MAX=2

After AG (162-iterations):
0 
1 
0 
0 
0 
0 
0 
0 
0 
0 
f=20.19

AG time: 0.10141s
N=200, ic=1, CAL=740, FAT=46, SOD=1080, CARB=50, PROT=34, GEN_MAX=2

After AG (162-iterations):
0 
1 
0 
0 
0 
0 
0 
0 
0 
0 
f=20.19

AG time: 0.097821s
N=200, ic=1, CAL=740, FAT=46, SOD=1080, CARB=50, PROT=34, GEN_MAX=2

After AG (162-iterations):
0 
1 
0 
0 
0 
0 
0 
0 
0 
0 
f=20.19

AG time: 0.097801s
N=200, ic=1, CAL=740, FAT=46, SOD=1080, CARB=50, PROT=34, GEN_MAX=2

After AG (162-iterations):
0 
1 
0 
0 
0 
0 
0 
0 
0 
0 
f=20.19

AG time: 0.098881s
N=200, ic=1, CAL=740, FAT=46, SOD=1080, CARB=50, PROT=34, GEN_MAX=2

After AG (1383-iterations):
0 
0 
1 
0 
0 
0 
0 
0 
0 
0 
f=23.8154

AG time: 0.813314s
N=200, ic=1, CAL=740, FAT=46, SOD=1080, CARB=50, PROT=34, GEN_MAX=2

After AG (1383-iterations):
0 
0 
1 
0 
0 
0 
0 
0 
0 
0 
f=23.8154

AG time: 0.816264s
N=200, ic=1, CAL=740, FAT=46, SOD=1080, CARB=50, PROT=34, GEN_MAX=2

After AG (90-iterations):
0 
1 
0 
0 
0 
0 
0 
0 
0 
0 
f=20.19

AG time: 0.05637s
N=200, ic=1, CAL=740, FAT=46, SOD=1080, CARB=50, PROT=34, GEN_MAX=2

After AG (90-iterations):
0 
1 
0 
0 
0 
0 
0 
0 
0 
0 
f=20.19

AG time: 0.057525s
N=200, ic=1, CAL=740, FAT=46, SOD=1080, CARB=50, PROT=34, GEN_MAX=2

After AG (90-iterations):
0 
1 
0 
0 
0 
0 
0 
0 
0 
0 
f=20.19

AG time: 0.057494s
N=200, ic=1, CAL=740, FAT=46, SOD=1080, CARB=50, PROT=34, GEN_MAX=2

After AG (90-iterations):
0 
1 
0 
0 
0 
0 
0 
0 
0 
0 
f=20.19

AG time: 0.057074s
N=200, ic=1, CAL=740, FAT=46, SOD=1080, CARB=50, PROT=34, GEN_MAX=2

After AG (90-iterations):
0 
1 
0 
0 
0 
0 
0 
0 
0 
0 
f=20.19

AG time: 0.058165s
N=200, ic=1, CAL=740, FAT=46, SOD=1080, CARB=50, PROT=34, GEN_MAX=2

After AG (90-iterations):
0 
1 
0 
0 
0 
0 
0 
0 
0 
0 
f=20.19

AG time: 0.056481s
N=200, ic=1, CAL=740, FAT=46, SOD=1080, CARB=50, PROT=34, GEN_MAX=2

After AG (1874-iterations):
0 
1 
0 
0 
0 
0 
0 
0 
0 
0 
f=20.19

AG time: 1.07153s
N=200, ic=1, CAL=740, FAT=46, SOD=1080, CARB=50, PROT=34, GEN_MAX=2

After AG (235-iterations):
0 
1 
0 
0 
0 
0 
0 
0 
0 
0 
f=20.19

AG time: 0.141653s
N=200, ic=1, CAL=740, FAT=46, SOD=1080, CARB=50, PROT=34, GEN_MAX=2

After AG (235-iterations):
0 
1 
0 
0 
0 
0 
0 
0 
0 
0 
f=20.19

AG time: 0.139774s
N=200, ic=1, CAL=740, FAT=46, SOD=1080, CARB=50, PROT=34, GEN_MAX=2

After AG (235-iterations):
0 
1 
0 
0 
0 
0 
0 
0 
0 
0 
f=20.19

AG time: 0.141424s
N=200, ic=1, CAL=740, FAT=46, SOD=1080, CARB=50, PROT=34, GEN_MAX=2

After AG (235-iterations):
0 
1 
0 
0 
0 
0 
0 
0 
0 
0 
f=20.19

AG time: 0.141183s
N=200, ic=1, CAL=740, FAT=46, SOD=1080, CARB=50, PROT=34, GEN_MAX=2

After AG (235-iterations):
0 
1 
0 
0 
0 
0 
0 
0 
0 
0 
f=20.19

AG time: 0.143467s
N=200, ic=1, CAL=740, FAT=46, SOD=1080, CARB=50, PROT=34, GEN_MAX=2

After AG (235-iterations):
0 
1 
0 
0 
0 
0 
0 
0 
0 
0 
f=20.19

AG time: 0.140341s
N=200, ic=1, CAL=740, FAT=46, SOD=1080, CARB=50, PROT=34, GEN_MAX=2

After AG (235-iterations):
0 
1 
0 
0 
0 
0 
0 
0 
0 
0 
f=20.19

AG time: 0.138971s
N=200, ic=1, CAL=740, FAT=46, SOD=1080, CARB=50, PROT=34, GEN_MAX=2

After AG (5916-iterations):
0 
0 
1 
0 
0 
0 
0 
0 
0 
0 
f=23.8154

AG time: 3.45321s
